<?xml version="1.0" encoding="UTF-8"?>
<testng-results skipped="0" failed="0" ignored="0" total="4" passed="4">
  <reporter-output>
  </reporter-output>
  <suite name="Default suite" duration-ms="35542" started-at="2021-02-01T15:59:46 IST" finished-at="2021-02-01T16:00:22 IST">
    <groups>
    </groups>
    <test name="Default test" duration-ms="35542" started-at="2021-02-01T15:59:46 IST" finished-at="2021-02-01T16:00:22 IST">
      <class name="com.demowebshop.test.BuyBookTest">
        <test-method status="PASS" signature="openBrowser()[pri:0, instance:com.demowebshop.test.BuyBookTest@44c8afef]" name="openBrowser" is-config="true" duration-ms="15231" started-at="2021-02-01T15:59:46 IST" finished-at="2021-02-01T16:00:02 IST">
          <reporter-output>
          </reporter-output>
        </test-method> <!-- openBrowser -->
        <test-method status="PASS" signature="loginTest()[pri:1, instance:com.demowebshop.test.BuyBookTest@44c8afef]" name="loginTest" duration-ms="2432" started-at="2021-02-01T16:00:02 IST" finished-at="2021-02-01T16:00:04 IST">
          <reporter-output>
          </reporter-output>
        </test-method> <!-- loginTest -->
        <test-method status="PASS" signature="addProduct()[pri:2, instance:com.demowebshop.test.BuyBookTest@44c8afef]" name="addProduct" duration-ms="3674" started-at="2021-02-01T16:00:04 IST" finished-at="2021-02-01T16:00:08 IST">
          <reporter-output>
          </reporter-output>
        </test-method> <!-- addProduct -->
        <test-method status="PASS" signature="checkoutTest()[pri:3, instance:com.demowebshop.test.BuyBookTest@44c8afef]" name="checkoutTest" duration-ms="7214" started-at="2021-02-01T16:00:08 IST" finished-at="2021-02-01T16:00:15 IST">
          <reporter-output>
          </reporter-output>
        </test-method> <!-- checkoutTest -->
        <test-method status="PASS" signature="confirmTest()[pri:4, instance:com.demowebshop.test.BuyBookTest@44c8afef]" name="confirmTest" duration-ms="4748" started-at="2021-02-01T16:00:15 IST" finished-at="2021-02-01T16:00:20 IST">
          <reporter-output>
          </reporter-output>
        </test-method> <!-- confirmTest -->
        <test-method status="PASS" signature="tearDown()[pri:0, instance:com.demowebshop.test.BuyBookTest@44c8afef]" name="tearDown" is-config="true" duration-ms="2146" started-at="2021-02-01T16:00:20 IST" finished-at="2021-02-01T16:00:22 IST">
          <reporter-output>
          </reporter-output>
        </test-method> <!-- tearDown -->
      </class> <!-- com.demowebshop.test.BuyBookTest -->
    </test> <!-- Default test -->
  </suite> <!-- Default suite -->
</testng-results>
