<?xml version="1.0" encoding="UTF-8"?>
<!-- Generated by org.testng.reporters.JUnitXMLReporter -->
<testsuite hostname="KUMAR" ignored="0" name="Default test" tests="4" failures="0" timestamp="2021-02-01T16:00:22 IST" time="35.542" errors="0">
  <testcase name="loginTest" time="2.432" classname="com.demowebshop.test.BuyBookTest"/>
  <testcase name="addProduct" time="3.674" classname="com.demowebshop.test.BuyBookTest"/>
  <testcase name="checkoutTest" time="7.214" classname="com.demowebshop.test.BuyBookTest"/>
  <testcase name="confirmTest" time="4.748" classname="com.demowebshop.test.BuyBookTest"/>
</testsuite> <!-- Default test -->
